set ucliGUI::state
set ucliGUI::state
ucliCore::getToolPID
synopsys::env hasTB
trigger_hier_stack_context_switch 0
synUtils::setDVEInitPhase 1
synopsys::dump -type VPD -file /home/ecelrc/students/skhan2/masters/Fast_Multipliers/simulation/inter.vpd -locking
synopsys::dump -autoflush on -fid VPD0
set ::dve_fid VPD0
synUtils::setDVEInitPhase 0
ucliCore::getToolPID
synUtils::sendTool -active _icl_setToolSocket /tmp/smlnpFFEThE
synUtils::sendTool -active {_icl_start_rpc -version "K-2015.09-SP1_Full64" -sync_file /tmp/vcs_dve_rpc.skhan2.10161}
synUtils::sendTool -active {_icl_createSharedMemory /tmp/vcs_dve_general.skhan2.10161}
config endofsim noexit
config onfail enable all
config syscaddplainmembers
config syscaddsourcenames
config syscaddstructtypes
synopsys::listing -disable
synopsys::dump -add {test_ripple_adder_4} -scope "." -depth 1 -fid VPD0
synopsys::dump -add {test_ripple_adder_4.uut} -scope "." -depth 1 -fid VPD0
synopsys::dump -add {test_ripple_adder_4.uut.FA1} -scope "." -depth 1 -fid VPD0
synopsys::dump -add {test_ripple_adder_4.uut.FA2} -scope "." -depth 1 -fid VPD0
synopsys::dump -add {test_ripple_adder_4.uut.FA3} -scope "." -depth 1 -fid VPD0
synopsys::dump -add {test_ripple_adder_4.uut.FA4} -scope "." -depth 1 -fid VPD0
synopsys::run -relative 100ns
set ucliGUI::state
set ucliGUI::state
set ucliGUI::state
set ucliGUI::state
set ucliGUI::state
if [catch {gui_sim_terminate}] {gui_sim_terminate -kill}
synopsys::finish
set ucliGUI::state
set ucliGUI::state
ucli_exit
